<?xml version="1.0" encoding="UTF-8"?>
<testsuite xmlns:xsi="http://www.w3.org/2001/XMLSchema-instance" xsi:noNamespaceSchemaLocation="https://maven.apache.org/surefire/maven-surefire-plugin/xsd/surefire-test-report.xsd" name="com.example.dbTest" time="0.908" tests="5" errors="0" skipped="0" failures="0">
  <properties>
[...]
</properties>
  <testcase name="testFormWrite" classname="com.example.dbTest" time="0.69"/>
  <testcase name="testConnection" classname="com.example.dbTest" time="0.037"/>
  <testcase name="testImmWrite" classname="com.example.dbTest" time="0.035"/>
  <testcase name="testFormRead" classname="com.example.dbTest" time="0.034"/>
  <testcase name="testImmRead" classname="com.example.dbTest" time="0.11"/>
</testsuite>